<?xml version="1.0" encoding="UTF-8"?>
<coverage generated="1751533485">
  <project timestamp="1751533485" name="Clover Coverage">
    <package name="App\Console\Commands">
      <file name="C:\Users\yasia\Documents\tabaru\YuProyek\app\Console\Commands\CheckOverdueTermins.php">
        <class name="App\Console\Commands\CheckOverdueTermins" namespace="App\Console\Commands">
          <metrics complexity="5" methods="1" coveredmethods="0" conditionals="0" coveredconditionals="0" statements="27" coveredstatements="21" elements="28" coveredelements="21"/>
        </class>
        <line num="32" type="method" name="handle" visibility="public" complexity="5" crap="5.27" count="1"/>
        <line num="34" type="stmt" count="1"/>
        <line num="35" type="stmt" count="1"/>
        <line num="38" type="stmt" count="1"/>
        <line num="40" type="stmt" count="1"/>
        <line num="41" type="stmt" count="0"/>
        <line num="42" type="stmt" count="0"/>
        <line num="43" type="stmt" count="0"/>
        <line num="47" type="stmt" count="1"/>
        <line num="48" type="stmt" count="1"/>
        <line num="50" type="stmt" count="1"/>
        <line num="51" type="stmt" count="1"/>
        <line num="53" type="stmt" count="1"/>
        <line num="54" type="stmt" count="0"/>
        <line num="57" type="stmt" count="1"/>
        <line num="58" type="stmt" count="1"/>
        <line num="61" type="stmt" count="1"/>
        <line num="62" type="stmt" count="1"/>
        <line num="63" type="stmt" count="1"/>
        <line num="66" type="stmt" count="1"/>
        <line num="67" type="stmt" count="1"/>
        <line num="68" type="stmt" count="1"/>
        <line num="69" type="stmt" count="1"/>
        <line num="71" type="stmt" count="0"/>
        <line num="72" type="stmt" count="0"/>
        <line num="76" type="stmt" count="1"/>
        <line num="77" type="stmt" count="1"/>
        <line num="78" type="stmt" count="1"/>
        <metrics loc="80" ncloc="62" classes="1" methods="1" coveredmethods="0" conditionals="0" coveredconditionals="0" statements="27" coveredstatements="21" elements="28" coveredelements="21"/>
      </file>
    </package>
    <package name="App\Http\Controllers">
      <file name="C:\Users\yasia\Documents\tabaru\YuProyek\app\Http\Controllers\ActivityController.php">
        <class name="App\Http\Controllers\ActivityController" namespace="App\Http\Controllers">
          <metrics complexity="13" methods="1" coveredmethods="0" conditionals="0" coveredconditionals="0" statements="46" coveredstatements="28" elements="47" coveredelements="28"/>
        </class>
        <line num="17" type="method" name="index" visibility="public" complexity="13" crap="23.13" count="1"/>
        <line num="19" type="stmt" count="1"/>
        <line num="21" type="stmt" count="1"/>
        <line num="22" type="stmt" count="1"/>
        <line num="25" type="stmt" count="1"/>
        <line num="26" type="stmt" count="0"/>
        <line num="27" type="stmt" count="0"/>
        <line num="28" type="stmt" count="0"/>
        <line num="29" type="stmt" count="0"/>
        <line num="30" type="stmt" count="0"/>
        <line num="31" type="stmt" count="0"/>
        <line num="32" type="stmt" count="0"/>
        <line num="34" type="stmt" count="1"/>
        <line num="35" type="stmt" count="0"/>
        <line num="37" type="stmt" count="1"/>
        <line num="38" type="stmt" count="0"/>
        <line num="40" type="stmt" count="1"/>
        <line num="41" type="stmt" count="0"/>
        <line num="43" type="stmt" count="1"/>
        <line num="44" type="stmt" count="0"/>
        <line num="48" type="stmt" count="1"/>
        <line num="49" type="stmt" count="1"/>
        <line num="52" type="stmt" count="1"/>
        <line num="53" type="stmt" count="1"/>
        <line num="54" type="stmt" count="1"/>
        <line num="55" type="stmt" count="1"/>
        <line num="57" type="stmt" count="1"/>
        <line num="58" type="stmt" count="1"/>
        <line num="60" type="stmt" count="0"/>
        <line num="63" type="stmt" count="1"/>
        <line num="65" type="stmt" count="1"/>
        <line num="70" type="stmt" count="0"/>
        <line num="72" type="stmt" count="0"/>
        <line num="76" type="stmt" count="0"/>
        <line num="77" type="stmt" count="0"/>
        <line num="78" type="stmt" count="0"/>
        <line num="79" type="stmt" count="0"/>
        <line num="83" type="stmt" count="1"/>
        <line num="84" type="stmt" count="1"/>
        <line num="85" type="stmt" count="1"/>
        <line num="87" type="stmt" count="1"/>
        <line num="88" type="stmt" count="1"/>
        <line num="89" type="stmt" count="1"/>
        <line num="90" type="stmt" count="1"/>
        <line num="91" type="stmt" count="1"/>
        <line num="92" type="stmt" count="1"/>
        <line num="93" type="stmt" count="1"/>
        <metrics loc="95" ncloc="76" classes="1" methods="1" coveredmethods="0" conditionals="0" coveredconditionals="0" statements="46" coveredstatements="28" elements="47" coveredelements="28"/>
      </file>
      <file name="C:\Users\yasia\Documents\tabaru\YuProyek\app\Http\Controllers\Controller.php">
        <class name="App\Http\Controllers\Controller" namespace="App\Http\Controllers">
          <metrics complexity="0" methods="0" coveredmethods="0" conditionals="0" coveredconditionals="0" statements="0" coveredstatements="0" elements="0" coveredelements="0"/>
        </class>
        <metrics loc="12" ncloc="10" classes="0" methods="0" coveredmethods="0" conditionals="0" coveredconditionals="0" statements="0" coveredstatements="0" elements="0" coveredelements="0"/>
      </file>
      <file name="C:\Users\yasia\Documents\tabaru\YuProyek\app\Http\Controllers\NotificationController.php">
        <class name="App\Http\Controllers\NotificationController" namespace="App\Http\Controllers">
          <metrics complexity="3" methods="3" coveredmethods="0" conditionals="0" coveredconditionals="0" statements="10" coveredstatements="0" elements="13" coveredelements="0"/>
        </class>
        <line num="13" type="method" name="index" visibility="public" complexity="1" crap="2" count="0"/>
        <line num="15" type="stmt" count="0"/>
        <line num="16" type="stmt" count="0"/>
        <line num="17" type="stmt" count="0"/>
        <line num="18" type="stmt" count="0"/>
        <line num="19" type="stmt" count="0"/>
        <line num="25" type="method" name="markAsRead" visibility="public" complexity="1" crap="2" count="0"/>
        <line num="27" type="stmt" count="0"/>
        <line num="28" type="stmt" count="0"/>
        <line num="30" type="stmt" count="0"/>
        <line num="36" type="method" name="markAllAsRead" visibility="public" complexity="1" crap="2" count="0"/>
        <line num="38" type="stmt" count="0"/>
        <line num="40" type="stmt" count="0"/>
        <metrics loc="42" ncloc="32" classes="1" methods="3" coveredmethods="0" conditionals="0" coveredconditionals="0" statements="10" coveredstatements="0" elements="13" coveredelements="0"/>
      </file>
      <file name="C:\Users\yasia\Documents\tabaru\YuProyek\app\Http\Controllers\PaymentController.php">
        <class name="App\Http\Controllers\PaymentController" namespace="App\Http\Controllers">
          <metrics complexity="137" methods="8" coveredmethods="0" conditionals="0" coveredconditionals="0" statements="565" coveredstatements="118" elements="573" coveredelements="118"/>
        </class>
        <line num="25" type="method" name="createAndDraftPayslip" visibility="public" complexity="1" crap="2" count="0"/>
        <line num="27" type="stmt" count="0"/>
        <line num="30" type="method" name="storePayslip" visibility="public" complexity="39" crap="83.09" count="2"/>
        <line num="32" type="stmt" count="2"/>
        <line num="34" type="stmt" count="2"/>
        <line num="37" type="stmt" count="2"/>
        <line num="38" type="stmt" count="2"/>
        <line num="39" type="stmt" count="2"/>
        <line num="40" type="stmt" count="2"/>
        <line num="41" type="stmt" count="2"/>
        <line num="42" type="stmt" count="2"/>
        <line num="45" type="stmt" count="2"/>
        <line num="46" type="stmt" count="2"/>
        <line num="48" type="stmt" count="2"/>
        <line num="49" type="stmt" count="1"/>
        <line num="50" type="stmt" count="1"/>
        <line num="51" type="stmt" count="1"/>
        <line num="52" type="stmt" count="1"/>
        <line num="55" type="stmt" count="1"/>
        <line num="56" type="stmt" count="1"/>
        <line num="57" type="stmt" count="1"/>
        <line num="58" type="stmt" count="1"/>
        <line num="59" type="stmt" count="1"/>
        <line num="60" type="stmt" count="1"/>
        <line num="61" type="stmt" count="1"/>
        <line num="62" type="stmt" count="1"/>
        <line num="63" type="stmt" count="1"/>
        <line num="64" type="stmt" count="1"/>
        <line num="65" type="stmt" count="1"/>
        <line num="66" type="stmt" count="1"/>
        <line num="67" type="stmt" count="1"/>
        <line num="68" type="stmt" count="1"/>
        <line num="69" type="stmt" count="1"/>
        <line num="72" type="stmt" count="1"/>
        <line num="73" type="stmt" count="1"/>
        <line num="74" type="stmt" count="1"/>
        <line num="75" type="stmt" count="1"/>
        <line num="78" type="stmt" count="0"/>
        <line num="79" type="stmt" count="0"/>
        <line num="81" type="stmt" count="0"/>
        <line num="85" type="stmt" count="2"/>
        <line num="87" type="stmt" count="2"/>
        <line num="88" type="stmt" count="0"/>
        <line num="89" type="stmt" count="0"/>
        <line num="90" type="stmt" count="0"/>
        <line num="92" type="stmt" count="0"/>
        <line num="95" type="stmt" count="2"/>
        <line num="98" type="stmt" count="2"/>
        <line num="99" type="stmt" count="0"/>
        <line num="100" type="stmt" count="0"/>
        <line num="101" type="stmt" count="0"/>
        <line num="102" type="stmt" count="0"/>
        <line num="104" type="stmt" count="0"/>
        <line num="108" type="stmt" count="2"/>
        <line num="109" type="stmt" count="2"/>
        <line num="110" type="stmt" count="0"/>
        <line num="111" type="stmt" count="0"/>
        <line num="112" type="stmt" count="0"/>
        <line num="114" type="stmt" count="0"/>
        <line num="116" type="stmt" count="2"/>
        <line num="118" type="stmt" count="2"/>
        <line num="120" type="stmt" count="2"/>
        <line num="121" type="stmt" count="2"/>
        <line num="122" type="stmt" count="2"/>
        <line num="124" type="stmt" count="2"/>
        <line num="125" type="stmt" count="2"/>
        <line num="126" type="stmt" count="2"/>
        <line num="128" type="stmt" count="2"/>
        <line num="130" type="stmt" count="1"/>
        <line num="131" type="stmt" count="1"/>
        <line num="132" type="stmt" count="0"/>
        <line num="134" type="stmt" count="1"/>
        <line num="135" type="stmt" count="1"/>
        <line num="139" type="stmt" count="2"/>
        <line num="140" type="stmt" count="2"/>
        <line num="141" type="stmt" count="0"/>
        <line num="144" type="stmt" count="2"/>
        <line num="145" type="stmt" count="2"/>
        <line num="146" type="stmt" count="2"/>
        <line num="148" type="stmt" count="2"/>
        <line num="150" type="stmt" count="2"/>
        <line num="152" type="stmt" count="2"/>
        <line num="153" type="stmt" count="2"/>
        <line num="154" type="stmt" count="2"/>
        <line num="155" type="stmt" count="2"/>
        <line num="157" type="stmt" count="2"/>
        <line num="158" type="stmt" count="0"/>
        <line num="159" type="stmt" count="0"/>
        <line num="160" type="stmt" count="0"/>
        <line num="161" type="stmt" count="0"/>
        <line num="162" type="stmt" count="0"/>
        <line num="163" type="stmt" count="0"/>
        <line num="164" type="stmt" count="0"/>
        <line num="165" type="stmt" count="0"/>
        <line num="166" type="stmt" count="0"/>
        <line num="169" type="stmt" count="2"/>
        <line num="171" type="stmt" count="1"/>
        <line num="172" type="stmt" count="1"/>
        <line num="173" type="stmt" count="0"/>
        <line num="174" type="stmt" count="0"/>
        <line num="177" type="stmt" count="2"/>
        <line num="178" type="stmt" count="2"/>
        <line num="180" type="stmt" count="2"/>
        <line num="183" type="stmt" count="2"/>
        <line num="184" type="stmt" count="0"/>
        <line num="185" type="stmt" count="0"/>
        <line num="186" type="stmt" count="0"/>
        <line num="187" type="stmt" count="0"/>
        <line num="189" type="stmt" count="0"/>
        <line num="190" type="stmt" count="0"/>
        <line num="191" type="stmt" count="0"/>
        <line num="192" type="stmt" count="0"/>
        <line num="193" type="stmt" count="0"/>
        <line num="196" type="stmt" count="2"/>
        <line num="197" type="stmt" count="2"/>
        <line num="200" type="stmt" count="1"/>
        <line num="201" type="stmt" count="1"/>
        <line num="204" type="stmt" count="2"/>
        <line num="205" type="stmt" count="2"/>
        <line num="206" type="stmt" count="2"/>
        <line num="207" type="stmt" count="2"/>
        <line num="208" type="stmt" count="2"/>
        <line num="209" type="stmt" count="2"/>
        <line num="210" type="stmt" count="2"/>
        <line num="211" type="stmt" count="2"/>
        <line num="212" type="stmt" count="2"/>
        <line num="213" type="stmt" count="2"/>
        <line num="214" type="stmt" count="2"/>
        <line num="215" type="stmt" count="2"/>
        <line num="216" type="stmt" count="2"/>
        <line num="217" type="stmt" count="2"/>
        <line num="218" type="stmt" count="2"/>
        <line num="219" type="stmt" count="2"/>
        <line num="221" type="stmt" count="2"/>
        <line num="223" type="stmt" count="2"/>
        <line num="224" type="stmt" count="2"/>
        <line num="225" type="stmt" count="2"/>
        <line num="228" type="stmt" count="2"/>
        <line num="230" type="stmt" count="2"/>
        <line num="231" type="stmt" count="2"/>
        <line num="233" type="stmt" count="2"/>
        <line num="234" type="stmt" count="2"/>
        <line num="235" type="stmt" count="2"/>
        <line num="236" type="stmt" count="2"/>
        <line num="237" type="stmt" count="2"/>
        <line num="238" type="stmt" count="2"/>
        <line num="239" type="stmt" count="2"/>
        <line num="241" type="stmt" count="0"/>
        <line num="245" type="stmt" count="0"/>
        <line num="246" type="stmt" count="0"/>
        <line num="247" type="stmt" count="0"/>
        <line num="248" type="stmt" count="0"/>
        <line num="249" type="stmt" count="0"/>
        <line num="250" type="stmt" count="0"/>
        <line num="251" type="stmt" count="0"/>
        <line num="253" type="stmt" count="0"/>
        <line num="257" type="method" name="payslipList" visibility="public" complexity="15" crap="240" count="0"/>
        <line num="259" type="stmt" count="0"/>
        <line num="261" type="stmt" count="0"/>
        <line num="262" type="stmt" count="0"/>
        <line num="265" type="stmt" count="0"/>
        <line num="266" type="stmt" count="0"/>
        <line num="267" type="stmt" count="0"/>
        <line num="269" type="stmt" count="0"/>
        <line num="270" type="stmt" count="0"/>
        <line num="272" type="stmt" count="0"/>
        <line num="273" type="stmt" count="0"/>
        <line num="277" type="stmt" count="0"/>
        <line num="278" type="stmt" count="0"/>
        <line num="280" type="stmt" count="0"/>
        <line num="281" type="stmt" count="0"/>
        <line num="282" type="stmt" count="0"/>
        <line num="283" type="stmt" count="0"/>
        <line num="284" type="stmt" count="0"/>
        <line num="288" type="stmt" count="0"/>
        <line num="289" type="stmt" count="0"/>
        <line num="291" type="stmt" count="0"/>
        <line num="292" type="stmt" count="0"/>
        <line num="294" type="stmt" count="0"/>
        <line num="295" type="stmt" count="0"/>
        <line num="297" type="stmt" count="0"/>
        <line num="298" type="stmt" count="0"/>
        <line num="299" type="stmt" count="0"/>
        <line num="300" type="stmt" count="0"/>
        <line num="301" type="stmt" count="0"/>
        <line num="303" type="stmt" count="0"/>
        <line num="304" type="stmt" count="0"/>
        <line num="305" type="stmt" count="0"/>
        <line num="306" type="stmt" count="0"/>
        <line num="307" type="stmt" count="0"/>
        <line num="312" type="stmt" count="0"/>
        <line num="313" type="stmt" count="0"/>
        <line num="314" type="stmt" count="0"/>
        <line num="315" type="stmt" count="0"/>
        <line num="316" type="stmt" count="0"/>
        <line num="317" type="stmt" count="0"/>
        <line num="318" type="stmt" count="0"/>
        <line num="319" type="stmt" count="0"/>
        <line num="320" type="stmt" count="0"/>
        <line num="321" type="stmt" count="0"/>
        <line num="322" type="stmt" count="0"/>
        <line num="323" type="stmt" count="0"/>
        <line num="324" type="stmt" count="0"/>
        <line num="326" type="stmt" count="0"/>
        <line num="327" type="stmt" count="0"/>
        <line num="329" type="stmt" count="0"/>
        <line num="330" type="stmt" count="0"/>
        <line num="333" type="stmt" count="0"/>
        <line num="336" type="stmt" count="0"/>
        <line num="339" type="stmt" count="0"/>
        <line num="342" type="stmt" count="0"/>
        <line num="345" type="stmt" count="0"/>
        <line num="346" type="stmt" count="0"/>
        <line num="350" type="stmt" count="0"/>
        <line num="352" type="stmt" count="0"/>
        <line num="353" type="stmt" count="0"/>
        <line num="354" type="stmt" count="0"/>
        <line num="355" type="stmt" count="0"/>
        <line num="359" type="stmt" count="0"/>
        <line num="360" type="stmt" count="0"/>
        <line num="361" type="stmt" count="0"/>
        <line num="363" type="stmt" count="0"/>
        <line num="364" type="stmt" count="0"/>
        <line num="365" type="stmt" count="0"/>
        <line num="366" type="stmt" count="0"/>
        <line num="367" type="stmt" count="0"/>
        <line num="368" type="stmt" count="0"/>
        <line num="369" type="stmt" count="0"/>
        <line num="370" type="stmt" count="0"/>
        <line num="371" type="stmt" count="0"/>
        <line num="374" type="method" name="showPayslipDetail" visibility="public" complexity="3" crap="3.23" count="1"/>
        <line num="376" type="stmt" count="1"/>
        <line num="377" type="stmt" count="1"/>
        <line num="378" type="stmt" count="0"/>
        <line num="381" type="stmt" count="1"/>
        <line num="382" type="stmt" count="1"/>
        <line num="383" type="stmt" count="1"/>
        <line num="384" type="stmt" count="1"/>
        <line num="385" type="stmt" count="1"/>
        <line num="386" type="stmt" count="1"/>
        <line num="388" type="stmt" count="1"/>
        <line num="389" type="stmt" count="0"/>
        <line num="390" type="stmt" count="0"/>
        <line num="391" type="stmt" count="0"/>
        <line num="392" type="stmt" count="0"/>
        <line num="395" type="stmt" count="1"/>
        <line num="396" type="stmt" count="1"/>
        <line num="398" type="stmt" count="1"/>
        <line num="401" type="method" name="approvePayslip" visibility="public" complexity="15" crap="240" count="0"/>
        <line num="403" type="stmt" count="0"/>
        <line num="404" type="stmt" count="0"/>
        <line num="405" type="stmt" count="0"/>
        <line num="408" type="stmt" count="0"/>
        <line num="409" type="stmt" count="0"/>
        <line num="410" type="stmt" count="0"/>
        <line num="411" type="stmt" count="0"/>
        <line num="412" type="stmt" count="0"/>
        <line num="413" type="stmt" count="0"/>
        <line num="414" type="stmt" count="0"/>
        <line num="415" type="stmt" count="0"/>
        <line num="416" type="stmt" count="0"/>
        <line num="418" type="stmt" count="0"/>
        <line num="420" type="stmt" count="0"/>
        <line num="421" type="stmt" count="0"/>
        <line num="422" type="stmt" count="0"/>
        <line num="423" type="stmt" count="0"/>
        <line num="424" type="stmt" count="0"/>
        <line num="425" type="stmt" count="0"/>
        <line num="428" type="stmt" count="0"/>
        <line num="431" type="stmt" count="0"/>
        <line num="432" type="stmt" count="0"/>
        <line num="433" type="stmt" count="0"/>
        <line num="434" type="stmt" count="0"/>
        <line num="435" type="stmt" count="0"/>
        <line num="436" type="stmt" count="0"/>
        <line num="437" type="stmt" count="0"/>
        <line num="440" type="stmt" count="0"/>
        <line num="441" type="stmt" count="0"/>
        <line num="442" type="stmt" count="0"/>
        <line num="443" type="stmt" count="0"/>
        <line num="446" type="stmt" count="0"/>
        <line num="448" type="stmt" count="0"/>
        <line num="449" type="stmt" count="0"/>
        <line num="450" type="stmt" count="0"/>
        <line num="451" type="stmt" count="0"/>
        <line num="452" type="stmt" count="0"/>
        <line num="453" type="stmt" count="0"/>
        <line num="455" type="stmt" count="0"/>
        <line num="457" type="stmt" count="0"/>
        <line num="458" type="stmt" count="0"/>
        <line num="459" type="stmt" count="0"/>
        <line num="460" type="stmt" count="0"/>
        <line num="462" type="stmt" count="0"/>
        <line num="463" type="stmt" count="0"/>
        <line num="464" type="stmt" count="0"/>
        <line num="466" type="stmt" count="0"/>
        <line num="470" type="method" name="destroy" visibility="public" complexity="14" crap="210" count="0"/>
        <line num="472" type="stmt" count="0"/>
        <line num="473" type="stmt" count="0"/>
        <line num="474" type="stmt" count="0"/>
        <line num="476" type="stmt" count="0"/>
        <line num="477" type="stmt" count="0"/>
        <line num="478" type="stmt" count="0"/>
        <line num="480" type="stmt" count="0"/>
        <line num="483" type="stmt" count="0"/>
        <line num="485" type="stmt" count="0"/>
        <line num="486" type="stmt" count="0"/>
        <line num="488" type="stmt" count="0"/>
        <line num="489" type="stmt" count="0"/>
        <line num="491" type="stmt" count="0"/>
        <line num="492" type="stmt" count="0"/>
        <line num="494" type="stmt" count="0"/>
        <line num="495" type="stmt" count="0"/>
        <line num="496" type="stmt" count="0"/>
        <line num="498" type="stmt" count="0"/>
        <line num="499" type="stmt" count="0"/>
        <line num="501" type="stmt" count="0"/>
        <line num="503" type="stmt" count="0"/>
        <line num="504" type="stmt" count="0"/>
        <line num="505" type="stmt" count="0"/>
        <line num="506" type="stmt" count="0"/>
        <line num="507" type="stmt" count="0"/>
        <line num="509" type="stmt" count="0"/>
        <line num="513" type="method" name="showPayrollCalculation" visibility="public" complexity="49" crap="2450" count="0"/>
        <line num="515" type="stmt" count="0"/>
        <line num="516" type="stmt" count="0"/>
        <line num="518" type="stmt" count="0"/>
        <line num="519" type="stmt" count="0"/>
        <line num="520" type="stmt" count="0"/>
        <line num="521" type="stmt" count="0"/>
        <line num="522" type="stmt" count="0"/>
        <line num="523" type="stmt" count="0"/>
        <line num="524" type="stmt" count="0"/>
        <line num="525" type="stmt" count="0"/>
        <line num="526" type="stmt" count="0"/>
        <line num="527" type="stmt" count="0"/>
        <line num="528" type="stmt" count="0"/>
        <line num="529" type="stmt" count="0"/>
        <line num="530" type="stmt" count="0"/>
        <line num="532" type="stmt" count="0"/>
        <line num="533" type="stmt" count="0"/>
        <line num="534" type="stmt" count="0"/>
        <line num="536" type="stmt" count="0"/>
        <line num="540" type="stmt" count="0"/>
        <line num="541" type="stmt" count="0"/>
        <line num="543" type="stmt" count="0"/>
        <line num="544" type="stmt" count="0"/>
        <line num="547" type="stmt" count="0"/>
        <line num="548" type="stmt" count="0"/>
        <line num="549" type="stmt" count="0"/>
        <line num="550" type="stmt" count="0"/>
        <line num="551" type="stmt" count="0"/>
        <line num="555" type="stmt" count="0"/>
        <line num="556" type="stmt" count="0"/>
        <line num="558" type="stmt" count="0"/>
        <line num="559" type="stmt" count="0"/>
        <line num="563" type="stmt" count="0"/>
        <line num="564" type="stmt" count="0"/>
        <line num="565" type="stmt" count="0"/>
        <line num="568" type="stmt" count="0"/>
        <line num="569" type="stmt" count="0"/>
        <line num="570" type="stmt" count="0"/>
        <line num="571" type="stmt" count="0"/>
        <line num="572" type="stmt" count="0"/>
        <line num="573" type="stmt" count="0"/>
        <line num="574" type="stmt" count="0"/>
        <line num="575" type="stmt" count="0"/>
        <line num="576" type="stmt" count="0"/>
        <line num="577" type="stmt" count="0"/>
        <line num="578" type="stmt" count="0"/>
        <line num="580" type="stmt" count="0"/>
        <line num="581" type="stmt" count="0"/>
        <line num="582" type="stmt" count="0"/>
        <line num="583" type="stmt" count="0"/>
        <line num="586" type="stmt" count="0"/>
        <line num="589" type="stmt" count="0"/>
        <line num="590" type="stmt" count="0"/>
        <line num="591" type="stmt" count="0"/>
        <line num="592" type="stmt" count="0"/>
        <line num="593" type="stmt" count="0"/>
        <line num="594" type="stmt" count="0"/>
        <line num="595" type="stmt" count="0"/>
        <line num="596" type="stmt" count="0"/>
        <line num="597" type="stmt" count="0"/>
        <line num="598" type="stmt" count="0"/>
        <line num="599" type="stmt" count="0"/>
        <line num="602" type="stmt" count="0"/>
        <line num="603" type="stmt" count="0"/>
        <line num="604" type="stmt" count="0"/>
        <line num="605" type="stmt" count="0"/>
        <line num="606" type="stmt" count="0"/>
        <line num="609" type="stmt" count="0"/>
        <line num="610" type="stmt" count="0"/>
        <line num="611" type="stmt" count="0"/>
        <line num="612" type="stmt" count="0"/>
        <line num="613" type="stmt" count="0"/>
        <line num="614" type="stmt" count="0"/>
        <line num="615" type="stmt" count="0"/>
        <line num="616" type="stmt" count="0"/>
        <line num="617" type="stmt" count="0"/>
        <line num="619" type="stmt" count="0"/>
        <line num="622" type="stmt" count="0"/>
        <line num="623" type="stmt" count="0"/>
        <line num="624" type="stmt" count="0"/>
        <line num="625" type="stmt" count="0"/>
        <line num="626" type="stmt" count="0"/>
        <line num="627" type="stmt" count="0"/>
        <line num="628" type="stmt" count="0"/>
        <line num="629" type="stmt" count="0"/>
        <line num="630" type="stmt" count="0"/>
        <line num="631" type="stmt" count="0"/>
        <line num="633" type="stmt" count="0"/>
        <line num="636" type="stmt" count="0"/>
        <line num="637" type="stmt" count="0"/>
        <line num="638" type="stmt" count="0"/>
        <line num="639" type="stmt" count="0"/>
        <line num="640" type="stmt" count="0"/>
        <line num="641" type="stmt" count="0"/>
        <line num="642" type="stmt" count="0"/>
        <line num="643" type="stmt" count="0"/>
        <line num="644" type="stmt" count="0"/>
        <line num="645" type="stmt" count="0"/>
        <line num="647" type="stmt" count="0"/>
        <line num="649" type="stmt" count="0"/>
        <line num="650" type="stmt" count="0"/>
        <line num="651" type="stmt" count="0"/>
        <line num="652" type="stmt" count="0"/>
        <line num="653" type="stmt" count="0"/>
        <line num="654" type="stmt" count="0"/>
        <line num="655" type="stmt" count="0"/>
        <line num="656" type="stmt" count="0"/>
        <line num="657" type="stmt" count="0"/>
        <line num="658" type="stmt" count="0"/>
        <line num="659" type="stmt" count="0"/>
        <line num="660" type="stmt" count="0"/>
        <line num="661" type="stmt" count="0"/>
        <line num="662" type="stmt" count="0"/>
        <line num="663" type="stmt" count="0"/>
        <line num="664" type="stmt" count="0"/>
        <line num="665" type="stmt" count="0"/>
        <line num="666" type="stmt" count="0"/>
        <line num="667" type="stmt" count="0"/>
        <line num="668" type="stmt" count="0"/>
        <line num="669" type="stmt" count="0"/>
        <line num="670" type="stmt" count="0"/>
        <line num="671" type="stmt" count="0"/>
        <line num="672" type="stmt" count="0"/>
        <line num="673" type="stmt" count="0"/>
        <line num="674" type="stmt" count="0"/>
        <line num="675" type="stmt" count="0"/>
        <line num="676" type="stmt" count="0"/>
        <line num="678" type="stmt" count="0"/>
        <line num="679" type="stmt" count="0"/>
        <line num="680" type="stmt" count="0"/>
        <line num="681" type="stmt" count="0"/>
        <line num="682" type="stmt" count="0"/>
        <line num="685" type="stmt" count="0"/>
        <line num="686" type="stmt" count="0"/>
        <line num="687" type="stmt" count="0"/>
        <line num="689" type="stmt" count="0"/>
        <line num="690" type="stmt" count="0"/>
        <line num="694" type="stmt" count="0"/>
        <line num="695" type="stmt" count="0"/>
        <line num="696" type="stmt" count="0"/>
        <line num="697" type="stmt" count="0"/>
        <line num="698" type="stmt" count="0"/>
        <line num="699" type="stmt" count="0"/>
        <line num="700" type="stmt" count="0"/>
        <line num="701" type="stmt" count="0"/>
        <line num="702" type="stmt" count="0"/>
        <line num="703" type="stmt" count="0"/>
        <line num="704" type="stmt" count="0"/>
        <line num="705" type="stmt" count="0"/>
        <line num="706" type="stmt" count="0"/>
        <line num="707" type="stmt" count="0"/>
        <line num="709" type="stmt" count="0"/>
        <line num="710" type="stmt" count="0"/>
        <line num="711" type="stmt" count="0"/>
        <line num="712" type="stmt" count="0"/>
        <line num="713" type="stmt" count="0"/>
        <line num="714" type="stmt" count="0"/>
        <line num="716" type="stmt" count="0"/>
        <line num="717" type="stmt" count="0"/>
        <line num="718" type="stmt" count="0"/>
        <line num="719" type="stmt" count="0"/>
        <line num="720" type="stmt" count="0"/>
        <line num="721" type="stmt" count="0"/>
        <line num="722" type="stmt" count="0"/>
        <line num="723" type="stmt" count="0"/>
        <line num="725" type="stmt" count="0"/>
        <line num="726" type="stmt" count="0"/>
        <line num="727" type="stmt" count="0"/>
        <line num="728" type="stmt" count="0"/>
        <line num="729" type="stmt" count="0"/>
        <line num="730" type="stmt" count="0"/>
        <line num="731" type="stmt" count="0"/>
        <line num="732" type="stmt" count="0"/>
        <line num="733" type="stmt" count="0"/>
        <line num="734" type="stmt" count="0"/>
        <line num="736" type="stmt" count="0"/>
        <line num="739" type="stmt" count="0"/>
        <line num="740" type="stmt" count="0"/>
        <line num="741" type="stmt" count="0"/>
        <line num="742" type="stmt" count="0"/>
        <line num="743" type="stmt" count="0"/>
        <line num="744" type="stmt" count="0"/>
        <line num="745" type="stmt" count="0"/>
        <line num="746" type="stmt" count="0"/>
        <line num="747" type="stmt" count="0"/>
        <line num="748" type="stmt" count="0"/>
        <line num="749" type="stmt" count="0"/>
        <line num="750" type="stmt" count="0"/>
        <line num="751" type="stmt" count="0"/>
        <line num="752" type="stmt" count="0"/>
        <line num="753" type="stmt" count="0"/>
        <line num="754" type="stmt" count="0"/>
        <line num="755" type="stmt" count="0"/>
        <line num="756" type="stmt" count="0"/>
        <line num="757" type="stmt" count="0"/>
        <line num="758" type="stmt" count="0"/>
        <line num="759" type="stmt" count="0"/>
        <line num="761" type="stmt" count="0"/>
        <line num="762" type="stmt" count="0"/>
        <line num="763" type="stmt" count="0"/>
        <line num="764" type="stmt" count="0"/>
        <line num="765" type="stmt" count="0"/>
        <line num="766" type="stmt" count="0"/>
        <line num="767" type="stmt" count="0"/>
        <line num="768" type="stmt" count="0"/>
        <line num="769" type="stmt" count="0"/>
        <line num="772" type="stmt" count="0"/>
        <line num="773" type="stmt" count="0"/>
        <line num="774" type="stmt" count="0"/>
        <line num="775" type="stmt" count="0"/>
        <line num="776" type="stmt" count="0"/>
        <line num="777" type="stmt" count="0"/>
        <line num="778" type="stmt" count="0"/>
        <line num="779" type="stmt" count="0"/>
        <line num="780" type="stmt" count="0"/>
        <line num="781" type="stmt" count="0"/>
        <line num="782" type="stmt" count="0"/>
        <line num="783" type="stmt" count="0"/>
        <line num="784" type="stmt" count="0"/>
        <line num="787" type="stmt" count="0"/>
        <line num="788" type="stmt" count="0"/>
        <line num="789" type="stmt" count="0"/>
        <line num="790" type="stmt" count="0"/>
        <line num="791" type="stmt" count="0"/>
        <line num="792" type="stmt" count="0"/>
        <line num="793" type="stmt" count="0"/>
        <line num="794" type="stmt" count="0"/>
        <line num="795" type="stmt" count="0"/>
        <line num="796" type="stmt" count="0"/>
        <line num="797" type="stmt" count="0"/>
        <line num="798" type="stmt" count="0"/>
        <line num="799" type="stmt" count="0"/>
        <line num="800" type="stmt" count="0"/>
        <line num="801" type="stmt" count="0"/>
        <line num="802" type="stmt" count="0"/>
        <line num="803" type="stmt" count="0"/>
        <line num="804" type="stmt" count="0"/>
        <line num="805" type="stmt" count="0"/>
        <line num="806" type="stmt" count="0"/>
        <line num="807" type="stmt" count="0"/>
        <line num="808" type="stmt" count="0"/>
        <line num="809" type="stmt" count="0"/>
        <line num="814" type="method" name="downloadPayslip" visibility="public" complexity="1" crap="2" count="0"/>
        <line num="816" type="stmt" count="0"/>
        <line num="821" type="stmt" count="0"/>
        <line num="822" type="stmt" count="0"/>
        <line num="823" type="stmt" count="0"/>
        <line num="824" type="stmt" count="0"/>
        <line num="825" type="stmt" count="0"/>
        <metrics loc="828" ncloc="776" classes="1" methods="8" coveredmethods="0" conditionals="0" coveredconditionals="0" statements="565" coveredstatements="118" elements="573" coveredelements="118"/>
      </file>
      <file name="C:\Users\yasia\Documents\tabaru\YuProyek\app\Http\Controllers\ProdukController.php">
        <class name="App\Http\Controllers\ProdukController" namespace="App\Http\Controllers">
          <metrics complexity="1" methods="1" coveredmethods="0" conditionals="0" coveredconditionals="0" statements="2" coveredstatements="0" elements="3" coveredelements="0"/>
        </class>
        <line num="10" type="method" name="index" visibility="public" complexity="1" crap="2" count="0"/>
        <line num="12" type="stmt" count="0"/>
        <line num="13" type="stmt" count="0"/>
        <metrics loc="16" ncloc="16" classes="1" methods="1" coveredmethods="0" conditionals="0" coveredconditionals="0" statements="2" coveredstatements="0" elements="3" coveredelements="0"/>
      </file>
      <file name="C:\Users\yasia\Documents\tabaru\YuProyek\app\Http\Controllers\ProfileController.php">
        <class name="App\Http\Controllers\ProfileController" namespace="App\Http\Controllers">
          <metrics complexity="36" methods="7" coveredmethods="0" conditionals="0" coveredconditionals="0" statements="154" coveredstatements="35" elements="161" coveredelements="35"/>
        </class>
        <line num="23" type="method" name="edit" visibility="public" complexity="2" crap="6" count="0"/>
        <line num="25" type="stmt" count="0"/>
        <line num="28" type="stmt" count="0"/>
        <line num="29" type="stmt" count="0"/>
        <line num="31" type="stmt" count="0"/>
        <line num="32" type="stmt" count="0"/>
        <line num="33" type="stmt" count="0"/>
        <line num="34" type="stmt" count="0"/>
        <line num="38" type="stmt" count="0"/>
        <line num="39" type="stmt" count="0"/>
        <line num="40" type="stmt" count="0"/>
        <line num="41" type="stmt" count="0"/>
        <line num="43" type="stmt" count="0"/>
        <line num="44" type="stmt" count="0"/>
        <line num="45" type="stmt" count="0"/>
        <line num="46" type="stmt" count="0"/>
        <line num="47" type="stmt" count="0"/>
        <line num="48" type="stmt" count="0"/>
        <line num="49" type="stmt" count="0"/>
        <line num="55" type="method" name="update" visibility="public" complexity="8" crap="9.17" count="1"/>
        <line num="58" type="stmt" count="1"/>
        <line num="59" type="stmt" count="1"/>
        <line num="60" type="stmt" count="1"/>
        <line num="61" type="stmt" count="1"/>
        <line num="62" type="stmt" count="1"/>
        <line num="63" type="stmt" count="1"/>
        <line num="64" type="stmt" count="1"/>
        <line num="65" type="stmt" count="1"/>
        <line num="66" type="stmt" count="1"/>
        <line num="67" type="stmt" count="1"/>
        <line num="68" type="stmt" count="1"/>
        <line num="69" type="stmt" count="1"/>
        <line num="71" type="stmt" count="1"/>
        <line num="73" type="stmt" count="1"/>
        <line num="76" type="stmt" count="1"/>
        <line num="78" type="stmt" count="0"/>
        <line num="79" type="stmt" count="0"/>
        <line num="82" type="stmt" count="0"/>
        <line num="83" type="stmt" count="0"/>
        <line num="87" type="stmt" count="1"/>
        <line num="89" type="stmt" count="1"/>
        <line num="90" type="stmt" count="0"/>
        <line num="93" type="stmt" count="1"/>
        <line num="96" type="stmt" count="1"/>
        <line num="99" type="stmt" count="1"/>
        <line num="100" type="stmt" count="1"/>
        <line num="101" type="stmt" count="1"/>
        <line num="103" type="stmt" count="1"/>
        <line num="104" type="stmt" count="1"/>
        <line num="109" type="stmt" count="1"/>
        <line num="112" type="stmt" count="1"/>
        <line num="114" type="stmt" count="1"/>
        <line num="115" type="stmt" count="0"/>
        <line num="116" type="stmt" count="0"/>
        <line num="117" type="stmt" count="0"/>
        <line num="118" type="stmt" count="0"/>
        <line num="119" type="stmt" count="0"/>
        <line num="122" type="stmt" count="1"/>
        <line num="128" type="method" name="handleEducationData" visibility="private" complexity="10" crap="74.42" count="1"/>
        <line num="131" type="stmt" count="1"/>
        <line num="132" type="stmt" count="0"/>
        <line num="133" type="stmt" count="0"/>
        <line num="138" type="stmt" count="1"/>
        <line num="139" type="stmt" count="0"/>
        <line num="140" type="stmt" count="0"/>
        <line num="141" type="stmt" count="0"/>
        <line num="142" type="stmt" count="0"/>
        <line num="143" type="stmt" count="0"/>
        <line num="144" type="stmt" count="0"/>
        <line num="145" type="stmt" count="0"/>
        <line num="146" type="stmt" count="0"/>
        <line num="152" type="stmt" count="1"/>
        <line num="153" type="stmt" count="0"/>
        <line num="154" type="stmt" count="0"/>
        <line num="155" type="stmt" count="0"/>
        <line num="156" type="stmt" count="0"/>
        <line num="157" type="stmt" count="0"/>
        <line num="158" type="stmt" count="0"/>
        <line num="159" type="stmt" count="0"/>
        <line num="160" type="stmt" count="0"/>
        <line num="161" type="stmt" count="0"/>
        <line num="170" type="method" name="handleDocumentUploads" visibility="private" complexity="10" crap="88.65" count="1"/>
        <line num="173" type="stmt" count="1"/>
        <line num="174" type="stmt" count="0"/>
        <line num="175" type="stmt" count="0"/>
        <line num="176" type="stmt" count="0"/>
        <line num="178" type="stmt" count="0"/>
        <line num="181" type="stmt" count="0"/>
        <line num="182" type="stmt" count="0"/>
        <line num="183" type="stmt" count="0"/>
        <line num="184" type="stmt" count="0"/>
        <line num="187" type="stmt" count="0"/>
        <line num="188" type="stmt" count="0"/>
        <line num="189" type="stmt" count="0"/>
        <line num="190" type="stmt" count="0"/>
        <line num="191" type="stmt" count="0"/>
        <line num="192" type="stmt" count="0"/>
        <line num="196" type="stmt" count="1"/>
        <line num="197" type="stmt" count="0"/>
        <line num="198" type="stmt" count="0"/>
        <line num="199" type="stmt" count="0"/>
        <line num="201" type="stmt" count="0"/>
        <line num="204" type="stmt" count="0"/>
        <line num="205" type="stmt" count="0"/>
        <line num="206" type="stmt" count="0"/>
        <line num="207" type="stmt" count="0"/>
        <line num="210" type="stmt" count="0"/>
        <line num="211" type="stmt" count="0"/>
        <line num="212" type="stmt" count="0"/>
        <line num="213" type="stmt" count="0"/>
        <line num="214" type="stmt" count="0"/>
        <line num="215" type="stmt" count="0"/>
        <line num="219" type="stmt" count="1"/>
        <line num="220" type="stmt" count="0"/>
        <line num="221" type="stmt" count="0"/>
        <line num="222" type="stmt" count="0"/>
        <line num="223" type="stmt" count="0"/>
        <line num="224" type="stmt" count="0"/>
        <line num="226" type="stmt" count="0"/>
        <line num="228" type="stmt" count="0"/>
        <line num="229" type="stmt" count="0"/>
        <line num="230" type="stmt" count="0"/>
        <line num="231" type="stmt" count="0"/>
        <line num="232" type="stmt" count="0"/>
        <line num="233" type="stmt" count="0"/>
        <line num="238" type="stmt" count="1"/>
        <line num="239" type="stmt" count="0"/>
        <line num="240" type="stmt" count="0"/>
        <line num="241" type="stmt" count="0"/>
        <line num="242" type="stmt" count="0"/>
        <line num="243" type="stmt" count="0"/>
        <line num="245" type="stmt" count="0"/>
        <line num="246" type="stmt" count="0"/>
        <line num="247" type="stmt" count="0"/>
        <line num="256" type="method" name="destroy" visibility="public" complexity="3" crap="12" count="0"/>
        <line num="258" type="stmt" count="0"/>
        <line num="259" type="stmt" count="0"/>
        <line num="260" type="stmt" count="0"/>
        <line num="262" type="stmt" count="0"/>
        <line num="265" type="stmt" count="0"/>
        <line num="266" type="stmt" count="0"/>
        <line num="270" type="stmt" count="0"/>
        <line num="271" type="stmt" count="0"/>
        <line num="274" type="stmt" count="0"/>
        <line num="276" type="stmt" count="0"/>
        <line num="278" type="stmt" count="0"/>
        <line num="279" type="stmt" count="0"/>
        <line num="281" type="stmt" count="0"/>
        <line num="284" type="method" name="switchRole" visibility="public" complexity="2" crap="6" count="0"/>
        <line num="286" type="stmt" count="0"/>
        <line num="289" type="stmt" count="0"/>
        <line num="290" type="stmt" count="0"/>
        <line num="294" type="stmt" count="0"/>
        <line num="295" type="stmt" count="0"/>
        <line num="297" type="stmt" count="0"/>
        <line num="301" type="method" name="show" visibility="public" complexity="1" crap="2" count="0"/>
        <line num="303" type="stmt" count="0"/>
        <line num="304" type="stmt" count="0"/>
        <line num="305" type="stmt" count="0"/>
        <line num="306" type="stmt" count="0"/>
        <line num="308" type="stmt" count="0"/>
        <metrics loc="311" ncloc="271" classes="1" methods="7" coveredmethods="0" conditionals="0" coveredconditionals="0" statements="154" coveredstatements="35" elements="161" coveredelements="35"/>
      </file>
      <file name="C:\Users\yasia\Documents\tabaru\YuProyek\app\Http\Controllers\ProjectApplicationController.php">
        <class name="App\Http\Controllers\ProjectApplicationController" namespace="App\Http\Controllers">
          <metrics complexity="30" methods="5" coveredmethods="0" conditionals="0" coveredconditionals="0" statements="96" coveredstatements="37" elements="101" coveredelements="37"/>
        </class>
        <line num="19" type="method" name="store" visibility="public" complexity="1" crap="2" count="0"/>
        <line num="21" type="stmt" count="0"/>
        <line num="23" type="stmt" count="0"/>
        <line num="24" type="stmt" count="0"/>
        <line num="25" type="stmt" count="0"/>
        <line num="26" type="stmt" count="0"/>
        <line num="28" type="stmt" count="0"/>
        <line num="29" type="stmt" count="0"/>
        <line num="30" type="stmt" count="0"/>
        <line num="31" type="stmt" count="0"/>
        <line num="32" type="stmt" count="0"/>
        <line num="33" type="stmt" count="0"/>
        <line num="36" type="stmt" count="0"/>
        <line num="38" type="stmt" count="0"/>
        <line num="39" type="stmt" count="0"/>
        <line num="42" type="method" name="updateStatus" visibility="public" complexity="6" crap="42" count="0"/>
        <line num="44" type="stmt" count="0"/>
        <line num="45" type="stmt" count="0"/>
        <line num="48" type="stmt" count="0"/>
        <line num="50" type="stmt" count="0"/>
        <line num="51" type="stmt" count="0"/>
        <line num="53" type="stmt" count="0"/>
        <line num="54" type="stmt" count="0"/>
        <line num="57" type="stmt" count="0"/>
        <line num="58" type="stmt" count="0"/>
        <line num="60" type="stmt" count="0"/>
        <line num="61" type="stmt" count="0"/>
        <line num="62" type="stmt" count="0"/>
        <line num="63" type="stmt" count="0"/>
        <line num="66" type="stmt" count="0"/>
        <line num="68" type="stmt" count="0"/>
        <line num="69" type="stmt" count="0"/>
        <line num="70" type="stmt" count="0"/>
        <line num="72" type="stmt" count="0"/>
        <line num="75" type="method" name="removeMember" visibility="public" complexity="2" crap="6" count="0"/>
        <line num="77" type="stmt" count="0"/>
        <line num="78" type="stmt" count="0"/>
        <line num="81" type="stmt" count="0"/>
        <line num="84" type="stmt" count="0"/>
        <line num="86" type="stmt" count="0"/>
        <line num="87" type="stmt" count="0"/>
        <line num="90" type="method" name="inviteWorker" visibility="public" complexity="6" crap="6.24" count="1"/>
        <line num="92" type="stmt" count="1"/>
        <line num="93" type="stmt" count="0"/>
        <line num="96" type="stmt" count="1"/>
        <line num="98" type="stmt" count="1"/>
        <line num="99" type="stmt" count="0"/>
        <line num="102" type="stmt" count="1"/>
        <line num="103" type="stmt" count="1"/>
        <line num="105" type="stmt" count="1"/>
        <line num="106" type="stmt" count="1"/>
        <line num="108" type="stmt" count="1"/>
        <line num="109" type="stmt" count="1"/>
        <line num="110" type="stmt" count="0"/>
        <line num="113" type="stmt" count="1"/>
        <line num="116" type="stmt" count="1"/>
        <line num="118" type="stmt" count="1"/>
        <line num="120" type="stmt" count="1"/>
        <line num="123" type="method" name="updateInvitationStatus" visibility="public" complexity="15" crap="32.71" count="1"/>
        <line num="125" type="stmt" count="1"/>
        <line num="126" type="stmt" count="1"/>
        <line num="129" type="stmt" count="1"/>
        <line num="130" type="stmt" count="1"/>
        <line num="131" type="stmt" count="1"/>
        <line num="132" type="stmt" count="1"/>
        <line num="134" type="stmt" count="1"/>
        <line num="136" type="stmt" count="0"/>
        <line num="137" type="stmt" count="0"/>
        <line num="139" type="stmt" count="0"/>
        <line num="144" type="stmt" count="1"/>
        <line num="145" type="stmt" count="1"/>
        <line num="146" type="stmt" count="1"/>
        <line num="147" type="stmt" count="1"/>
        <line num="148" type="stmt" count="1"/>
        <line num="149" type="stmt" count="1"/>
        <line num="150" type="stmt" count="0"/>
        <line num="153" type="stmt" count="1"/>
        <line num="154" type="stmt" count="1"/>
        <line num="157" type="stmt" count="1"/>
        <line num="158" type="stmt" count="1"/>
        <line num="159" type="stmt" count="1"/>
        <line num="161" type="stmt" count="1"/>
        <line num="162" type="stmt" count="1"/>
        <line num="163" type="stmt" count="1"/>
        <line num="165" type="stmt" count="0"/>
        <line num="167" type="stmt" count="0"/>
        <line num="168" type="stmt" count="0"/>
        <line num="169" type="stmt" count="0"/>
        <line num="173" type="stmt" count="0"/>
        <line num="174" type="stmt" count="0"/>
        <line num="176" type="stmt" count="0"/>
        <line num="177" type="stmt" count="0"/>
        <line num="178" type="stmt" count="0"/>
        <line num="181" type="stmt" count="0"/>
        <line num="182" type="stmt" count="0"/>
        <line num="184" type="stmt" count="0"/>
        <line num="187" type="stmt" count="1"/>
        <line num="188" type="stmt" count="0"/>
        <line num="192" type="stmt" count="1"/>
        <line num="193" type="stmt" count="1"/>
        <line num="195" type="stmt" count="0"/>
        <metrics loc="197" ncloc="180" classes="1" methods="5" coveredmethods="0" conditionals="0" coveredconditionals="0" statements="96" coveredstatements="37" elements="101" coveredelements="37"/>
      </file>
      <file name="C:\Users\yasia\Documents\tabaru\YuProyek\app\Http\Controllers\ProjectController.php">
        <class name="App\Http\Controllers\ProjectController" namespace="App\Http\Controllers">
          <metrics complexity="69" methods="12" coveredmethods="0" conditionals="0" coveredconditionals="0" statements="362" coveredstatements="129" elements="374" coveredelements="129"/>
        </class>
        <line num="26" type="method" name="dashboard" visibility="public" complexity="2" crap="6" count="0"/>
        <line num="29" type="stmt" count="0"/>
        <line num="31" type="stmt" count="0"/>
        <line num="32" type="stmt" count="0"/>
        <line num="35" type="stmt" count="0"/>
        <line num="37" type="stmt" count="0"/>
        <line num="38" type="stmt" count="0"/>
        <line num="39" type="stmt" count="0"/>
        <line num="42" type="stmt" count="0"/>
        <line num="43" type="stmt" count="0"/>
        <line num="44" type="stmt" count="0"/>
        <line num="47" type="stmt" count="0"/>
        <line num="51" type="method" name="show" visibility="public" complexity="1" crap="2" count="0"/>
        <line num="53" type="stmt" count="0"/>
        <line num="57" type="method" name="index" visibility="public" complexity="12" crap="156" count="0"/>
        <line num="60" type="stmt" count="0"/>
        <line num="63" type="stmt" count="0"/>
        <line num="64" type="stmt" count="0"/>
        <line num="65" type="stmt" count="0"/>
        <line num="66" type="stmt" count="0"/>
        <line num="67" type="stmt" count="0"/>
        <line num="68" type="stmt" count="0"/>
        <line num="69" type="stmt" count="0"/>
        <line num="70" type="stmt" count="0"/>
        <line num="71" type="stmt" count="0"/>
        <line num="75" type="stmt" count="0"/>
        <line num="76" type="stmt" count="0"/>
        <line num="80" type="stmt" count="0"/>
        <line num="81" type="stmt" count="0"/>
        <line num="82" type="stmt" count="0"/>
        <line num="83" type="stmt" count="0"/>
        <line num="87" type="stmt" count="0"/>
        <line num="88" type="stmt" count="0"/>
        <line num="90" type="stmt" count="0"/>
        <line num="91" type="stmt" count="0"/>
        <line num="95" type="stmt" count="0"/>
        <line num="96" type="stmt" count="0"/>
        <line num="99" type="stmt" count="0"/>
        <line num="100" type="stmt" count="0"/>
        <line num="101" type="stmt" count="0"/>
        <line num="103" type="stmt" count="0"/>
        <line num="106" type="stmt" count="0"/>
        <line num="109" type="stmt" count="0"/>
        <line num="111" type="stmt" count="0"/>
        <line num="113" type="stmt" count="0"/>
        <line num="115" type="stmt" count="0"/>
        <line num="119" type="stmt" count="0"/>
        <line num="123" type="method" name="create" visibility="public" complexity="1" crap="2" count="0"/>
        <line num="128" type="stmt" count="0"/>
        <line num="131" type="method" name="store" visibility="public" complexity="19" crap="380" count="0"/>
        <line num="133" type="stmt" count="0"/>
        <line num="135" type="stmt" count="0"/>
        <line num="136" type="stmt" count="0"/>
        <line num="137" type="stmt" count="0"/>
        <line num="138" type="stmt" count="0"/>
        <line num="139" type="stmt" count="0"/>
        <line num="140" type="stmt" count="0"/>
        <line num="142" type="stmt" count="0"/>
        <line num="143" type="stmt" count="0"/>
        <line num="144" type="stmt" count="0"/>
        <line num="147" type="stmt" count="0"/>
        <line num="150" type="stmt" count="0"/>
        <line num="156" type="stmt" count="0"/>
        <line num="157" type="stmt" count="0"/>
        <line num="158" type="stmt" count="0"/>
        <line num="160" type="stmt" count="0"/>
        <line num="161" type="stmt" count="0"/>
        <line num="162" type="stmt" count="0"/>
        <line num="163" type="stmt" count="0"/>
        <line num="164" type="stmt" count="0"/>
        <line num="166" type="stmt" count="0"/>
        <line num="167" type="stmt" count="0"/>
        <line num="168" type="stmt" count="0"/>
        <line num="169" type="stmt" count="0"/>
        <line num="170" type="stmt" count="0"/>
        <line num="171" type="stmt" count="0"/>
        <line num="172" type="stmt" count="0"/>
        <line num="175" type="stmt" count="0"/>
        <line num="176" type="stmt" count="0"/>
        <line num="178" type="stmt" count="0"/>
        <line num="179" type="stmt" count="0"/>
        <line num="180" type="stmt" count="0"/>
        <line num="181" type="stmt" count="0"/>
        <line num="182" type="stmt" count="0"/>
        <line num="183" type="stmt" count="0"/>
        <line num="184" type="stmt" count="0"/>
        <line num="186" type="stmt" count="0"/>
        <line num="188" type="stmt" count="0"/>
        <line num="189" type="stmt" count="0"/>
        <line num="190" type="stmt" count="0"/>
        <line num="191" type="stmt" count="0"/>
        <line num="192" type="stmt" count="0"/>
        <line num="193" type="stmt" count="0"/>
        <line num="194" type="stmt" count="0"/>
        <line num="196" type="stmt" count="0"/>
        <line num="200" type="stmt" count="0"/>
        <line num="202" type="stmt" count="0"/>
        <line num="203" type="stmt" count="0"/>
        <line num="204" type="stmt" count="0"/>
        <line num="205" type="stmt" count="0"/>
        <line num="206" type="stmt" count="0"/>
        <line num="207" type="stmt" count="0"/>
        <line num="208" type="stmt" count="0"/>
        <line num="209" type="stmt" count="0"/>
        <line num="210" type="stmt" count="0"/>
        <line num="211" type="stmt" count="0"/>
        <line num="212" type="stmt" count="0"/>
        <line num="213" type="stmt" count="0"/>
        <line num="214" type="stmt" count="0"/>
        <line num="216" type="stmt" count="0"/>
        <line num="219" type="stmt" count="0"/>
        <line num="220" type="stmt" count="0"/>
        <line num="221" type="stmt" count="0"/>
        <line num="226" type="stmt" count="0"/>
        <line num="227" type="stmt" count="0"/>
        <line num="229" type="stmt" count="0"/>
        <line num="237" type="stmt" count="0"/>
        <line num="239" type="stmt" count="0"/>
        <line num="240" type="stmt" count="0"/>
        <line num="241" type="stmt" count="0"/>
        <line num="242" type="stmt" count="0"/>
        <line num="243" type="stmt" count="0"/>
        <line num="244" type="stmt" count="0"/>
        <line num="247" type="stmt" count="0"/>
        <line num="249" type="stmt" count="0"/>
        <line num="250" type="stmt" count="0"/>
        <line num="251" type="stmt" count="0"/>
        <line num="253" type="stmt" count="0"/>
        <line num="254" type="stmt" count="0"/>
        <line num="255" type="stmt" count="0"/>
        <line num="256" type="stmt" count="0"/>
        <line num="257" type="stmt" count="0"/>
        <line num="258" type="stmt" count="0"/>
        <line num="260" type="stmt" count="0"/>
        <line num="265" type="method" name="edit" visibility="public" complexity="1" crap="2" count="0"/>
        <line num="267" type="stmt" count="0"/>
        <line num="268" type="stmt" count="0"/>
        <line num="269" type="stmt" count="0"/>
        <line num="272" type="method" name="update" visibility="public" complexity="3" crap="12" count="0"/>
        <line num="274" type="stmt" count="0"/>
        <line num="275" type="stmt" count="0"/>
        <line num="276" type="stmt" count="0"/>
        <line num="277" type="stmt" count="0"/>
        <line num="278" type="stmt" count="0"/>
        <line num="279" type="stmt" count="0"/>
        <line num="280" type="stmt" count="0"/>
        <line num="281" type="stmt" count="0"/>
        <line num="282" type="stmt" count="0"/>
        <line num="284" type="stmt" count="0"/>
        <line num="287" type="stmt" count="0"/>
        <line num="288" type="stmt" count="0"/>
        <line num="290" type="stmt" count="0"/>
        <line num="293" type="stmt" count="0"/>
        <line num="294" type="stmt" count="0"/>
        <line num="295" type="stmt" count="0"/>
        <line num="296" type="stmt" count="0"/>
        <line num="297" type="stmt" count="0"/>
        <line num="298" type="stmt" count="0"/>
        <line num="301" type="stmt" count="0"/>
        <line num="305" type="method" name="destroy" visibility="public" complexity="1" crap="2" count="0"/>
        <line num="307" type="stmt" count="0"/>
        <line num="308" type="stmt" count="0"/>
        <line num="312" type="method" name="myProjects" visibility="public" complexity="8" crap="72" count="0"/>
        <line num="314" type="stmt" count="0"/>
        <line num="315" type="stmt" count="0"/>
        <line num="316" type="stmt" count="0"/>
        <line num="319" type="stmt" count="0"/>
        <line num="320" type="stmt" count="0"/>
        <line num="321" type="stmt" count="0"/>
        <line num="327" type="stmt" count="0"/>
        <line num="334" type="stmt" count="0"/>
        <line num="335" type="stmt" count="0"/>
        <line num="336" type="stmt" count="0"/>
        <line num="337" type="stmt" count="0"/>
        <line num="338" type="stmt" count="0"/>
        <line num="339" type="stmt" count="0"/>
        <line num="343" type="stmt" count="0"/>
        <line num="344" type="stmt" count="0"/>
        <line num="348" type="stmt" count="0"/>
        <line num="349" type="stmt" count="0"/>
        <line num="351" type="stmt" count="0"/>
        <line num="352" type="stmt" count="0"/>
        <line num="353" type="stmt" count="0"/>
        <line num="355" type="stmt" count="0"/>
        <line num="358" type="stmt" count="0"/>
        <line num="359" type="stmt" count="0"/>
        <line num="360" type="stmt" count="0"/>
        <line num="364" type="stmt" count="0"/>
        <line num="366" type="stmt" count="0"/>
        <line num="369" type="method" name="projectDashboard" visibility="public" complexity="16" crap="16.89" count="2"/>
        <line num="371" type="stmt" count="2"/>
        <line num="372" type="stmt" count="2"/>
        <line num="375" type="stmt" count="2"/>
        <line num="376" type="stmt" count="2"/>
        <line num="378" type="stmt" count="1"/>
        <line num="379" type="stmt" count="1"/>
        <line num="380" type="stmt" count="1"/>
        <line num="382" type="stmt" count="1"/>
        <line num="383" type="stmt" count="1"/>
        <line num="384" type="stmt" count="1"/>
        <line num="386" type="stmt" count="2"/>
        <line num="389" type="stmt" count="2"/>
        <line num="390" type="stmt" count="2"/>
        <line num="392" type="stmt" count="1"/>
        <line num="394" type="stmt" count="2"/>
        <line num="397" type="stmt" count="2"/>
        <line num="398" type="stmt" count="2"/>
        <line num="399" type="stmt" count="2"/>
        <line num="400" type="stmt" count="2"/>
        <line num="401" type="stmt" count="2"/>
        <line num="402" type="stmt" count="2"/>
        <line num="403" type="stmt" count="2"/>
        <line num="406" type="stmt" count="2"/>
        <line num="407" type="stmt" count="2"/>
        <line num="408" type="stmt" count="2"/>
        <line num="409" type="stmt" count="2"/>
        <line num="413" type="stmt" count="2"/>
        <line num="414" type="stmt" count="2"/>
        <line num="415" type="stmt" count="2"/>
        <line num="416" type="stmt" count="2"/>
        <line num="417" type="stmt" count="2"/>
        <line num="418" type="stmt" count="2"/>
        <line num="419" type="stmt" count="2"/>
        <line num="420" type="stmt" count="2"/>
        <line num="421" type="stmt" count="2"/>
        <line num="422" type="stmt" count="2"/>
        <line num="423" type="stmt" count="2"/>
        <line num="426" type="stmt" count="2"/>
        <line num="427" type="stmt" count="2"/>
        <line num="428" type="stmt" count="0"/>
        <line num="429" type="stmt" count="0"/>
        <line num="430" type="stmt" count="2"/>
        <line num="431" type="stmt" count="2"/>
        <line num="432" type="stmt" count="2"/>
        <line num="434" type="stmt" count="2"/>
        <line num="435" type="stmt" count="2"/>
        <line num="436" type="stmt" count="2"/>
        <line num="437" type="stmt" count="2"/>
        <line num="439" type="stmt" count="2"/>
        <line num="440" type="stmt" count="1"/>
        <line num="443" type="stmt" count="2"/>
        <line num="444" type="stmt" count="2"/>
        <line num="445" type="stmt" count="2"/>
        <line num="446" type="stmt" count="2"/>
        <line num="447" type="stmt" count="2"/>
        <line num="449" type="stmt" count="2"/>
        <line num="450" type="stmt" count="2"/>
        <line num="452" type="stmt" count="2"/>
        <line num="453" type="stmt" count="2"/>
        <line num="454" type="stmt" count="2"/>
        <line num="455" type="stmt" count="2"/>
        <line num="458" type="stmt" count="2"/>
        <line num="459" type="stmt" count="2"/>
        <line num="461" type="stmt" count="2"/>
        <line num="462" type="stmt" count="2"/>
        <line num="463" type="stmt" count="2"/>
        <line num="464" type="stmt" count="2"/>
        <line num="465" type="stmt" count="2"/>
        <line num="466" type="stmt" count="2"/>
        <line num="467" type="stmt" count="2"/>
        <line num="468" type="stmt" count="2"/>
        <line num="469" type="stmt" count="2"/>
        <line num="472" type="stmt" count="2"/>
        <line num="473" type="stmt" count="2"/>
        <line num="474" type="stmt" count="2"/>
        <line num="475" type="stmt" count="2"/>
        <line num="476" type="stmt" count="2"/>
        <line num="477" type="stmt" count="2"/>
        <line num="478" type="stmt" count="2"/>
        <line num="479" type="stmt" count="2"/>
        <line num="480" type="stmt" count="2"/>
        <line num="481" type="stmt" count="2"/>
        <line num="485" type="stmt" count="2"/>
        <line num="488" type="stmt" count="2"/>
        <line num="489" type="stmt" count="2"/>
        <line num="490" type="stmt" count="1"/>
        <line num="492" type="stmt" count="2"/>
        <line num="494" type="stmt" count="2"/>
        <line num="495" type="stmt" count="2"/>
        <line num="496" type="stmt" count="2"/>
        <line num="497" type="stmt" count="2"/>
        <line num="498" type="stmt" count="2"/>
        <line num="501" type="stmt" count="2"/>
        <line num="502" type="stmt" count="2"/>
        <line num="503" type="stmt" count="2"/>
        <line num="504" type="stmt" count="2"/>
        <line num="507" type="stmt" count="2"/>
        <line num="508" type="stmt" count="2"/>
        <line num="509" type="stmt" count="2"/>
        <line num="510" type="stmt" count="2"/>
        <line num="511" type="stmt" count="2"/>
        <line num="512" type="stmt" count="2"/>
        <line num="513" type="stmt" count="2"/>
        <line num="514" type="stmt" count="2"/>
        <line num="516" type="stmt" count="2"/>
        <line num="517" type="stmt" count="2"/>
        <line num="518" type="stmt" count="2"/>
        <line num="519" type="stmt" count="2"/>
        <line num="520" type="stmt" count="2"/>
        <line num="522" type="stmt" count="2"/>
        <line num="523" type="stmt" count="2"/>
        <line num="524" type="stmt" count="2"/>
        <line num="525" type="stmt" count="2"/>
        <line num="526" type="stmt" count="2"/>
        <line num="527" type="stmt" count="2"/>
        <line num="528" type="stmt" count="2"/>
        <line num="530" type="stmt" count="2"/>
        <line num="531" type="stmt" count="0"/>
        <line num="532" type="stmt" count="0"/>
        <line num="533" type="stmt" count="0"/>
        <line num="534" type="stmt" count="0"/>
        <line num="535" type="stmt" count="0"/>
        <line num="536" type="stmt" count="0"/>
        <line num="537" type="stmt" count="0"/>
        <line num="538" type="stmt" count="0"/>
        <line num="539" type="stmt" count="0"/>
        <line num="540" type="stmt" count="0"/>
        <line num="541" type="stmt" count="0"/>
        <line num="542" type="stmt" count="0"/>
        <line num="543" type="stmt" count="0"/>
        <line num="544" type="stmt" count="0"/>
        <line num="545" type="stmt" count="0"/>
        <line num="546" type="stmt" count="0"/>
        <line num="547" type="stmt" count="0"/>
        <line num="548" type="stmt" count="0"/>
        <line num="549" type="stmt" count="0"/>
        <line num="550" type="stmt" count="0"/>
        <line num="551" type="stmt" count="0"/>
        <line num="555" type="stmt" count="2"/>
        <line num="556" type="stmt" count="2"/>
        <line num="557" type="stmt" count="2"/>
        <line num="558" type="stmt" count="2"/>
        <line num="559" type="stmt" count="2"/>
        <line num="560" type="stmt" count="2"/>
        <line num="561" type="stmt" count="2"/>
        <line num="562" type="stmt" count="2"/>
        <line num="563" type="stmt" count="2"/>
        <line num="564" type="stmt" count="2"/>
        <line num="565" type="stmt" count="2"/>
        <line num="566" type="stmt" count="2"/>
        <line num="567" type="stmt" count="2"/>
        <line num="568" type="stmt" count="2"/>
        <line num="577" type="method" name="teamMembers" visibility="public" complexity="2" crap="6" count="0"/>
        <line num="579" type="stmt" count="0"/>
        <line num="581" type="stmt" count="0"/>
        <line num="584" type="stmt" count="0"/>
        <line num="585" type="stmt" count="0"/>
        <line num="586" type="stmt" count="0"/>
        <line num="587" type="stmt" count="0"/>
        <line num="590" type="stmt" count="0"/>
        <line num="591" type="stmt" count="0"/>
        <line num="592" type="stmt" count="0"/>
        <line num="593" type="stmt" count="0"/>
        <line num="595" type="stmt" count="0"/>
        <line num="596" type="stmt" count="0"/>
        <line num="597" type="stmt" count="0"/>
        <line num="598" type="stmt" count="0"/>
        <line num="599" type="stmt" count="0"/>
        <line num="600" type="stmt" count="0"/>
        <line num="603" type="stmt" count="0"/>
        <line num="605" type="stmt" count="0"/>
        <line num="614" type="method" name="updateMemberWage" visibility="public" complexity="3" crap="12" count="0"/>
        <line num="616" type="stmt" count="0"/>
        <line num="617" type="stmt" count="0"/>
        <line num="618" type="stmt" count="0"/>
        <line num="621" type="stmt" count="0"/>
        <line num="622" type="stmt" count="0"/>
        <line num="623" type="stmt" count="0"/>
        <line num="627" type="stmt" count="0"/>
        <line num="628" type="stmt" count="0"/>
        <line num="629" type="stmt" count="0"/>
        <line num="632" type="stmt" count="0"/>
        <line num="633" type="stmt" count="0"/>
        <line num="637" type="stmt" count="0"/>
        <metrics loc="639" ncloc="544" classes="1" methods="12" coveredmethods="0" conditionals="0" coveredconditionals="0" statements="362" coveredstatements="129" elements="374" coveredelements="129"/>
      </file>
      <file name="C:\Users\yasia\Documents\tabaru\YuProyek\app\Http\Controllers\SettingController.php">
        <class name="App\Http\Controllers\SettingController" namespace="App\Http\Controllers">
          <metrics complexity="121" methods="17" coveredmethods="1" conditionals="0" coveredconditionals="0" statements="474" coveredstatements="84" elements="491" coveredelements="85"/>
        </class>
        <line num="28" type="method" name="index" visibility="public" complexity="1" crap="1" count="1"/>
        <line num="30" type="stmt" count="1"/>
        <line num="32" type="stmt" count="1"/>
        <line num="33" type="stmt" count="1"/>
        <line num="34" type="stmt" count="1"/>
        <line num="35" type="stmt" count="1"/>
        <line num="36" type="stmt" count="1"/>
        <line num="37" type="stmt" count="1"/>
        <line num="38" type="stmt" count="1"/>
        <line num="39" type="stmt" count="1"/>
        <line num="40" type="stmt" count="1"/>
        <line num="42" type="stmt" count="1"/>
        <line num="43" type="stmt" count="1"/>
        <line num="44" type="stmt" count="1"/>
        <line num="45" type="stmt" count="1"/>
        <line num="46" type="stmt" count="1"/>
        <line num="47" type="stmt" count="1"/>
        <line num="48" type="stmt" count="1"/>
        <line num="49" type="stmt" count="1"/>
        <line num="50" type="stmt" count="1"/>
        <line num="51" type="stmt" count="1"/>
        <line num="54" type="method" name="updateProjectInfo" visibility="public" complexity="24" crap="53.52" count="1"/>
        <line num="56" type="stmt" count="1"/>
        <line num="58" type="stmt" count="1"/>
        <line num="59" type="stmt" count="1"/>
        <line num="60" type="stmt" count="1"/>
        <line num="62" type="stmt" count="1"/>
        <line num="63" type="stmt" count="1"/>
        <line num="64" type="stmt" count="1"/>
        <line num="65" type="stmt" count="1"/>
        <line num="66" type="stmt" count="1"/>
        <line num="67" type="stmt" count="1"/>
        <line num="68" type="stmt" count="1"/>
        <line num="69" type="stmt" count="1"/>
        <line num="70" type="stmt" count="1"/>
        <line num="72" type="stmt" count="1"/>
        <line num="73" type="stmt" count="1"/>
        <line num="74" type="stmt" count="1"/>
        <line num="75" type="stmt" count="1"/>
        <line num="76" type="stmt" count="1"/>
        <line num="78" type="stmt" count="1"/>
        <line num="79" type="stmt" count="1"/>
        <line num="80" type="stmt" count="1"/>
        <line num="83" type="stmt" count="1"/>
        <line num="84" type="stmt" count="0"/>
        <line num="85" type="stmt" count="0"/>
        <line num="86" type="stmt" count="0"/>
        <line num="90" type="stmt" count="1"/>
        <line num="91" type="stmt" count="1"/>
        <line num="92" type="stmt" count="1"/>
        <line num="93" type="stmt" count="1"/>
        <line num="94" type="stmt" count="1"/>
        <line num="96" type="stmt" count="1"/>
        <line num="99" type="stmt" count="1"/>
        <line num="100" type="stmt" count="1"/>
        <line num="101" type="stmt" count="1"/>
        <line num="102" type="stmt" count="1"/>
        <line num="103" type="stmt" count="1"/>
        <line num="104" type="stmt" count="1"/>
        <line num="106" type="stmt" count="1"/>
        <line num="107" type="stmt" count="1"/>
        <line num="108" type="stmt" count="1"/>
        <line num="109" type="stmt" count="1"/>
        <line num="112" type="stmt" count="1"/>
        <line num="114" type="stmt" count="1"/>
        <line num="115" type="stmt" count="0"/>
        <line num="116" type="stmt" count="0"/>
        <line num="117" type="stmt" count="0"/>
        <line num="118" type="stmt" count="0"/>
        <line num="119" type="stmt" count="0"/>
        <line num="120" type="stmt" count="0"/>
        <line num="122" type="stmt" count="0"/>
        <line num="123" type="stmt" count="0"/>
        <line num="124" type="stmt" count="0"/>
        <line num="125" type="stmt" count="0"/>
        <line num="126" type="stmt" count="0"/>
        <line num="130" type="stmt" count="0"/>
        <line num="131" type="stmt" count="0"/>
        <line num="132" type="stmt" count="0"/>
        <line num="133" type="stmt" count="0"/>
        <line num="134" type="stmt" count="0"/>
        <line num="135" type="stmt" count="0"/>
        <line num="141" type="stmt" count="1"/>
        <line num="143" type="stmt" count="1"/>
        <line num="144" type="stmt" count="1"/>
        <line num="145" type="stmt" count="1"/>
        <line num="146" type="stmt" count="0"/>
        <line num="147" type="stmt" count="0"/>
        <line num="148" type="stmt" count="0"/>
        <line num="149" type="stmt" count="0"/>
        <line num="150" type="stmt" count="0"/>
        <line num="151" type="stmt" count="0"/>
        <line num="155" type="method" name="updatePaymentCalculationType" visibility="public" complexity="4" crap="8.47" count="1"/>
        <line num="157" type="stmt" count="1"/>
        <line num="160" type="stmt" count="1"/>
        <line num="161" type="stmt" count="1"/>
        <line num="162" type="stmt" count="1"/>
        <line num="164" type="stmt" count="1"/>
        <line num="165" type="stmt" count="1"/>
        <line num="166" type="stmt" count="0"/>
        <line num="167" type="stmt" count="0"/>
        <line num="168" type="stmt" count="0"/>
        <line num="169" type="stmt" count="0"/>
        <line num="171" type="stmt" count="1"/>
        <line num="172" type="stmt" count="1"/>
        <line num="173" type="stmt" count="1"/>
        <line num="177" type="stmt" count="0"/>
        <line num="178" type="stmt" count="0"/>
        <line num="179" type="stmt" count="0"/>
        <line num="181" type="stmt" count="0"/>
        <line num="183" type="stmt" count="0"/>
        <line num="184" type="stmt" count="0"/>
        <line num="185" type="stmt" count="0"/>
        <line num="186" type="stmt" count="0"/>
        <line num="187" type="stmt" count="0"/>
        <line num="188" type="stmt" count="0"/>
        <line num="191" type="stmt" count="0"/>
        <line num="192" type="stmt" count="0"/>
        <line num="193" type="stmt" count="0"/>
        <line num="196" type="method" name="updatePaymentTerms" visibility="public" complexity="28" crap="812" count="0"/>
        <line num="199" type="stmt" count="0"/>
        <line num="200" type="stmt" count="0"/>
        <line num="203" type="stmt" count="0"/>
        <line num="204" type="stmt" count="0"/>
        <line num="205" type="stmt" count="0"/>
        <line num="208" type="stmt" count="0"/>
        <line num="209" type="stmt" count="0"/>
        <line num="210" type="stmt" count="0"/>
        <line num="211" type="stmt" count="0"/>
        <line num="215" type="stmt" count="0"/>
        <line num="216" type="stmt" count="0"/>
        <line num="217" type="stmt" count="0"/>
        <line num="218" type="stmt" count="0"/>
        <line num="221" type="stmt" count="0"/>
        <line num="224" type="stmt" count="0"/>
        <line num="225" type="stmt" count="0"/>
        <line num="226" type="stmt" count="0"/>
        <line num="227" type="stmt" count="0"/>
        <line num="228" type="stmt" count="0"/>
        <line num="229" type="stmt" count="0"/>
        <line num="230" type="stmt" count="0"/>
        <line num="231" type="stmt" count="0"/>
        <line num="232" type="stmt" count="0"/>
        <line num="233" type="stmt" count="0"/>
        <line num="234" type="stmt" count="0"/>
        <line num="235" type="stmt" count="0"/>
        <line num="236" type="stmt" count="0"/>
        <line num="237" type="stmt" count="0"/>
        <line num="238" type="stmt" count="0"/>
        <line num="239" type="stmt" count="0"/>
        <line num="240" type="stmt" count="0"/>
        <line num="241" type="stmt" count="0"/>
        <line num="242" type="stmt" count="0"/>
        <line num="243" type="stmt" count="0"/>
        <line num="244" type="stmt" count="0"/>
        <line num="245" type="stmt" count="0"/>
        <line num="246" type="stmt" count="0"/>
        <line num="248" type="stmt" count="0"/>
        <line num="249" type="stmt" count="0"/>
        <line num="250" type="stmt" count="0"/>
        <line num="255" type="stmt" count="0"/>
        <line num="256" type="stmt" count="0"/>
        <line num="257" type="stmt" count="0"/>
        <line num="258" type="stmt" count="0"/>
        <line num="260" type="stmt" count="0"/>
        <line num="261" type="stmt" count="0"/>
        <line num="267" type="stmt" count="0"/>
        <line num="268" type="stmt" count="0"/>
        <line num="269" type="stmt" count="0"/>
        <line num="272" type="stmt" count="0"/>
        <line num="273" type="stmt" count="0"/>
        <line num="275" type="stmt" count="0"/>
        <line num="276" type="stmt" count="0"/>
        <line num="279" type="stmt" count="0"/>
        <line num="280" type="stmt" count="0"/>
        <line num="283" type="stmt" count="0"/>
        <line num="284" type="stmt" count="0"/>
        <line num="285" type="stmt" count="0"/>
        <line num="299" type="stmt" count="0"/>
        <line num="300" type="stmt" count="0"/>
        <line num="303" type="stmt" count="0"/>
        <line num="304" type="stmt" count="0"/>
        <line num="306" type="stmt" count="0"/>
        <line num="308" type="stmt" count="0"/>
        <line num="309" type="stmt" count="0"/>
        <line num="311" type="stmt" count="0"/>
[...]
        <line num="35" type="stmt" count="0"/>
        <line num="36" type="stmt" count="0"/>
        <line num="37" type="stmt" count="0"/>
        <metrics loc="39" ncloc="39" classes="1" methods="3" coveredmethods="0" conditionals="0" coveredconditionals="0" statements="11" coveredstatements="0" elements="14" coveredelements="0"/>
      </file>
      <file name="C:\Users\yasia\Documents\tabaru\YuProyek\app\Notifications\UserInvitedToProjectNotification.php">
        <class name="App\Notifications\UserInvitedToProjectNotification" namespace="App\Notifications">
          <metrics complexity="3" methods="3" coveredmethods="2" conditionals="0" coveredconditionals="0" statements="12" coveredstatements="3" elements="15" coveredelements="5"/>
        </class>
        <line num="22" type="method" name="__construct" visibility="public" complexity="1" crap="1" count="1"/>
        <line num="24" type="stmt" count="1"/>
        <line num="25" type="stmt" count="1"/>
        <line num="33" type="method" name="via" visibility="public" complexity="1" crap="1" count="1"/>
        <line num="36" type="stmt" count="1"/>
        <line num="44" type="method" name="toArray" visibility="public" complexity="1" crap="2" count="0"/>
        <line num="46" type="stmt" count="0"/>
        <line num="47" type="stmt" count="0"/>
        <line num="48" type="stmt" count="0"/>
        <line num="49" type="stmt" count="0"/>
        <line num="50" type="stmt" count="0"/>
        <line num="51" type="stmt" count="0"/>
        <line num="53" type="stmt" count="0"/>
        <line num="54" type="stmt" count="0"/>
        <line num="55" type="stmt" count="0"/>
        <metrics loc="57" ncloc="42" classes="1" methods="3" coveredmethods="2" conditionals="0" coveredconditionals="0" statements="12" coveredstatements="3" elements="15" coveredelements="5"/>
      </file>
      <file name="C:\Users\yasia\Documents\tabaru\YuProyek\app\Notifications\WipLimitExceededNotification.php">
        <class name="App\Notifications\WipLimitExceededNotification" namespace="App\Notifications">
          <metrics complexity="3" methods="3" coveredmethods="2" conditionals="0" coveredconditionals="0" statements="15" coveredstatements="4" elements="18" coveredelements="6"/>
        </class>
        <line num="25" type="method" name="__construct" visibility="public" complexity="1" crap="1" count="1"/>
        <line num="27" type="stmt" count="1"/>
        <line num="28" type="stmt" count="1"/>
        <line num="29" type="stmt" count="1"/>
        <line num="38" type="method" name="via" visibility="public" complexity="1" crap="1" count="1"/>
        <line num="40" type="stmt" count="1"/>
        <line num="49" type="method" name="toArray" visibility="public" complexity="1" crap="2" count="0"/>
        <line num="51" type="stmt" count="0"/>
        <line num="52" type="stmt" count="0"/>
        <line num="53" type="stmt" count="0"/>
        <line num="54" type="stmt" count="0"/>
        <line num="55" type="stmt" count="0"/>
        <line num="56" type="stmt" count="0"/>
        <line num="57" type="stmt" count="0"/>
        <line num="58" type="stmt" count="0"/>
        <line num="59" type="stmt" count="0"/>
        <line num="60" type="stmt" count="0"/>
        <line num="61" type="stmt" count="0"/>
        <metrics loc="63" ncloc="47" classes="1" methods="3" coveredmethods="2" conditionals="0" coveredconditionals="0" statements="15" coveredstatements="4" elements="18" coveredelements="6"/>
      </file>
    </package>
    <package name="App\Observers">
      <file name="C:\Users\yasia\Documents\tabaru\YuProyek\app\Observers\ProjectObserver.php">
        <class name="App\Observers\ProjectObserver" namespace="App\Observers">
          <metrics complexity="7" methods="5" coveredmethods="2" conditionals="0" coveredconditionals="0" statements="27" coveredstatements="24" elements="32" coveredelements="26"/>
        </class>
        <line num="17" type="method" name="created" visibility="public" complexity="3" crap="3" count="22"/>
        <line num="20" type="stmt" count="22"/>
        <line num="21" type="stmt" count="22"/>
        <line num="22" type="stmt" count="22"/>
        <line num="23" type="stmt" count="22"/>
        <line num="24" type="stmt" count="22"/>
        <line num="25" type="stmt" count="22"/>
        <line num="26" type="stmt" count="22"/>
        <line num="27" type="stmt" count="22"/>
        <line num="28" type="stmt" count="22"/>
        <line num="29" type="stmt" count="22"/>
        <line num="30" type="stmt" count="22"/>
        <line num="31" type="stmt" count="22"/>
        <line num="34" type="stmt" count="22"/>
        <line num="35" type="stmt" count="22"/>
        <line num="36" type="stmt" count="22"/>
        <line num="37" type="stmt" count="22"/>
        <line num="38" type="stmt" count="22"/>
        <line num="39" type="stmt" count="22"/>
        <line num="40" type="stmt" count="22"/>
        <line num="43" type="stmt" count="22"/>
        <line num="44" type="stmt" count="22"/>
        <line num="48" type="stmt" count="22"/>
        <line num="49" type="stmt" count="22"/>
        <line num="56" type="method" name="updated" visibility="public" complexity="1" crap="1" count="3"/>
        <line num="59" type="stmt" count="3"/>
        <line num="64" type="method" name="deleted" visibility="public" complexity="1" crap="2" count="0"/>
        <line num="67" type="stmt" count="0"/>
        <line num="72" type="method" name="restored" visibility="public" complexity="1" crap="2" count="0"/>
        <line num="75" type="stmt" count="0"/>
        <line num="80" type="method" name="forceDeleted" visibility="public" complexity="1" crap="2" count="0"/>
        <line num="83" type="stmt" count="0"/>
        <metrics loc="84" ncloc="45" classes="1" methods="5" coveredmethods="2" conditionals="0" coveredconditionals="0" statements="27" coveredstatements="24" elements="32" coveredelements="26"/>
      </file>
    </package>
    <package name="App\Policies">
      <file name="C:\Users\yasia\Documents\tabaru\YuProyek\app\Policies\PaymentPolicy.php">
        <class name="App\Policies\PaymentPolicy" namespace="App\Policies">
          <metrics complexity="8" methods="5" coveredmethods="2" conditionals="0" coveredconditionals="0" statements="5" coveredstatements="2" elements="10" coveredelements="4"/>
        </class>
        <line num="14" type="method" name="viewAny" visibility="public" complexity="1" crap="2" count="0"/>
        <line num="16" type="stmt" count="0"/>
        <line num="19" type="method" name="view" visibility="public" complexity="2" crap="2" count="1"/>
        <line num="23" type="stmt" count="1"/>
        <line num="26" type="method" name="create" visibility="public" complexity="1" crap="1" count="2"/>
        <line num="28" type="stmt" count="2"/>
        <line num="31" type="method" name="approve" visibility="public" complexity="2" crap="6" count="0"/>
        <line num="33" type="stmt" count="0"/>
        <line num="36" type="method" name="delete" visibility="public" complexity="2" crap="6" count="0"/>
        <line num="38" type="stmt" count="0"/>
        <metrics loc="40" ncloc="37" classes="1" methods="5" coveredmethods="2" conditionals="0" coveredconditionals="0" statements="5" coveredstatements="2" elements="10" coveredelements="4"/>
      </file>
      <file name="C:\Users\yasia\Documents\tabaru\YuProyek\app\Policies\ProjectPolicy.php">
        <class name="App\Policies\ProjectPolicy" namespace="App\Policies">
          <metrics complexity="20" methods="11" coveredmethods="1" conditionals="0" coveredconditionals="0" statements="18" coveredstatements="4" elements="29" coveredelements="5"/>
        </class>
        <line num="14" type="method" name="before" visibility="public" complexity="5" crap="5.39" count="9"/>
        <line num="17" type="stmt" count="9"/>
        <line num="18" type="stmt" count="9"/>
        <line num="19" type="stmt" count="9"/>
        <line num="21" type="stmt" count="0"/>
        <line num="27" type="method" name="viewAny" visibility="public" complexity="1" crap="2" count="0"/>
        <line num="29" type="stmt" count="0"/>
        <line num="32" type="method" name="view" visibility="public" complexity="3" crap="12" count="0"/>
        <line num="35" type="stmt" count="0"/>
        <line num="36" type="stmt" count="0"/>
        <line num="40" type="stmt" count="0"/>
        <line num="43" type="method" name="create" visibility="public" complexity="1" crap="2" count="0"/>
        <line num="46" type="stmt" count="0"/>
        <line num="49" type="method" name="update" visibility="public" complexity="1" crap="2" count="0"/>
        <line num="52" type="stmt" count="0"/>
        <line num="55" type="method" name="delete" visibility="public" complexity="1" crap="2" count="0"/>
        <line num="57" type="stmt" count="0"/>
        <line num="60" type="method" name="viewKanban" visibility="public" complexity="3" crap="12" count="0"/>
        <line num="63" type="stmt" count="0"/>
        <line num="64" type="stmt" count="0"/>
        <line num="68" type="stmt" count="0"/>
        <line num="71" type="method" name="manageKanban" visibility="public" complexity="1" crap="2" count="0"/>
        <line num="73" type="stmt" count="0"/>
        <line num="77" type="method" name="viewPayslipCreation" visibility="public" complexity="1" crap="2" count="0"/>
        <line num="79" type="stmt" count="0"/>
        <line num="82" type="method" name="viewPayrollCalculation" visibility="public" complexity="2" crap="6" count="0"/>
        <line num="85" type="stmt" count="0"/>
        <line num="88" type="method" name="viewSettings" visibility="public" complexity="1" crap="1" count="2"/>
        <line num="90" type="stmt" count="2"/>
        <metrics loc="92" ncloc="78" classes="1" methods="11" coveredmethods="1" conditionals="0" coveredconditionals="0" statements="18" coveredstatements="4" elements="29" coveredelements="5"/>
      </file>
      <file name="C:\Users\yasia\Documents\tabaru\YuProyek\app\Policies\TaskPolicy.php">
        <class name="App\Policies\TaskPolicy" namespace="App\Policies">
          <metrics complexity="37" methods="10" coveredmethods="1" conditionals="0" coveredconditionals="0" statements="46" coveredstatements="8" elements="56" coveredelements="9"/>
        </class>
        <line num="15" type="method" name="before" visibility="public" complexity="9" crap="12.89" count="2"/>
        <line num="17" type="stmt" count="2"/>
        <line num="18" type="stmt" count="2"/>
        <line num="19" type="stmt" count="2"/>
        <line num="22" type="stmt" count="2"/>
        <line num="24" type="stmt" count="2"/>
        <line num="26" type="stmt" count="1"/>
        <line num="27" type="stmt" count="0"/>
        <line num="28" type="stmt" count="0"/>
        <line num="29" type="stmt" count="0"/>
        <line num="30" type="stmt" count="0"/>
        <line num="34" type="stmt" count="2"/>
        <line num="38" type="method" name="viewAny" visibility="public" complexity="1" crap="2" count="0"/>
        <line num="40" type="stmt" count="0"/>
        <line num="43" type="method" name="view" visibility="public" complexity="1" crap="2" count="0"/>
        <line num="45" type="stmt" count="0"/>
        <line num="48" type="method" name="create" visibility="public" complexity="1" crap="1" count="1"/>
        <line num="50" type="stmt" count="1"/>
        <line num="53" type="method" name="update" visibility="public" complexity="5" crap="30" count="0"/>
        <line num="56" type="stmt" count="0"/>
        <line num="57" type="stmt" count="0"/>
        <line num="58" type="stmt" count="0"/>
        <line num="59" type="stmt" count="0"/>
        <line num="64" type="stmt" count="0"/>
        <line num="67" type="method" name="updateStatus" visibility="public" complexity="8" crap="72" count="0"/>
        <line num="69" type="stmt" count="0"/>
        <line num="72" type="stmt" count="0"/>
        <line num="74" type="stmt" count="0"/>
        <line num="75" type="stmt" count="0"/>
        <line num="76" type="stmt" count="0"/>
        <line num="77" type="stmt" count="0"/>
        <line num="79" type="stmt" count="0"/>
        <line num="87" type="stmt" count="0"/>
        <line num="88" type="stmt" count="0"/>
        <line num="90" type="stmt" count="0"/>
        <line num="91" type="stmt" count="0"/>
        <line num="93" type="stmt" count="0"/>
        <line num="96" type="method" name="updateProgress" visibility="public" complexity="2" crap="6" count="0"/>
        <line num="99" type="stmt" count="0"/>
        <line num="102" type="method" name="delete" visibility="public" complexity="4" crap="20" count="0"/>
        <line num="105" type="stmt" count="0"/>
        <line num="106" type="stmt" count="0"/>
        <line num="107" type="stmt" count="0"/>
        <line num="108" type="stmt" count="0"/>
        <line num="109" type="stmt" count="0"/>
        <line num="112" type="stmt" count="0"/>
        <line num="115" type="method" name="createComment" visibility="public" complexity="1" crap="2" count="0"/>
        <line num="117" type="stmt" count="0"/>
        <line num="120" type="method" name="manageAttachments" visibility="public" complexity="5" crap="30" count="0"/>
        <line num="123" type="stmt" count="0"/>
        <line num="124" type="stmt" count="0"/>
        <line num="125" type="stmt" count="0"/>
        <line num="126" type="stmt" count="0"/>
        <line num="127" type="stmt" count="0"/>
        <line num="131" type="stmt" count="0"/>
        <line num="133" type="stmt" count="0"/>
        <metrics loc="135" ncloc="114" classes="1" methods="10" coveredmethods="1" conditionals="0" coveredconditionals="0" statements="46" coveredstatements="8" elements="56" coveredelements="9"/>
      </file>
      <file name="C:\Users\yasia\Documents\tabaru\YuProyek\app\Policies\ceoPolicy.php">
        <class name="App\Policies\CEOPolicy" namespace="App\Policies">
          <metrics complexity="4" methods="4" coveredmethods="0" conditionals="0" coveredconditionals="0" statements="4" coveredstatements="0" elements="8" coveredelements="0"/>
        </class>
        <line num="16" type="method" name="viewAnyProject" visibility="public" complexity="1" crap="2" count="0"/>
        <line num="18" type="stmt" count="0"/>
        <line num="24" type="method" name="viewProject" visibility="public" complexity="1" crap="2" count="0"/>
        <line num="26" type="stmt" count="0"/>
        <line num="32" type="method" name="viewAnyUser" visibility="public" complexity="1" crap="2" count="0"/>
        <line num="34" type="stmt" count="0"/>
        <line num="40" type="method" name="viewUser" visibility="public" complexity="1" crap="2" count="0"/>
        <line num="42" type="stmt" count="0"/>
        <metrics loc="45" ncloc="33" classes="1" methods="4" coveredmethods="0" conditionals="0" coveredconditionals="0" statements="4" coveredstatements="0" elements="8" coveredelements="0"/>
      </file>
    </package>
    <package name="App\Providers">
      <file name="C:\Users\yasia\Documents\tabaru\YuProyek\app\Providers\AppServiceProvider.php">
        <class name="App\Providers\AppServiceProvider" namespace="App\Providers">
          <metrics complexity="2" methods="2" coveredmethods="2" conditionals="0" coveredconditionals="0" statements="2" coveredstatements="2" elements="4" coveredelements="4"/>
        </class>
        <line num="14" type="method" name="register" visibility="public" complexity="1" crap="1" count="23"/>
        <line num="17" type="stmt" count="23"/>
        <line num="22" type="method" name="boot" visibility="public" complexity="1" crap="1" count="23"/>
        <line num="25" type="stmt" count="23"/>
        <metrics loc="27" ncloc="19" classes="1" methods="2" coveredmethods="2" conditionals="0" coveredconditionals="0" statements="2" coveredstatements="2" elements="4" coveredelements="4"/>
      </file>
      <file name="C:\Users\yasia\Documents\tabaru\YuProyek\app\Providers\AuthServiceProvider.php">
        <class name="App\Providers\AuthServiceProvider" namespace="App\Providers">
          <metrics complexity="2" methods="1" coveredmethods="1" conditionals="0" coveredconditionals="0" statements="4" coveredstatements="4" elements="5" coveredelements="5"/>
        </class>
        <line num="38" type="method" name="boot" visibility="public" complexity="2" crap="2" count="23"/>
        <line num="40" type="stmt" count="23"/>
        <line num="46" type="stmt" count="23"/>
        <line num="50" type="stmt" count="23"/>
        <line num="51" type="stmt" count="23"/>
        <metrics loc="54" ncloc="35" classes="1" methods="1" coveredmethods="1" conditionals="0" coveredconditionals="0" statements="4" coveredstatements="4" elements="5" coveredelements="5"/>
      </file>
    </package>
    <package name="App\Services">
      <file name="C:\Users\yasia\Documents\tabaru\YuProyek\app\Services\ActivityLogger.php">
        <class name="App\Services\ActivityLogger" namespace="App\Services">
          <metrics complexity="2" methods="1" coveredmethods="1" conditionals="0" coveredconditionals="0" statements="12" coveredstatements="12" elements="13" coveredelements="13"/>
        </class>
        <line num="23" type="method" name="log" visibility="public" complexity="2" crap="2" count="4"/>
        <line num="30" type="stmt" count="4"/>
        <line num="32" type="stmt" count="4"/>
        <line num="33" type="stmt" count="4"/>
        <line num="34" type="stmt" count="4"/>
        <line num="35" type="stmt" count="4"/>
        <line num="36" type="stmt" count="4"/>
        <line num="37" type="stmt" count="4"/>
        <line num="38" type="stmt" count="4"/>
        <line num="41" type="stmt" count="4"/>
        <line num="42" type="stmt" count="2"/>
        <line num="43" type="stmt" count="2"/>
        <line num="46" type="stmt" count="4"/>
        <metrics loc="48" ncloc="35" classes="1" methods="1" coveredmethods="1" conditionals="0" coveredconditionals="0" statements="12" coveredstatements="12" elements="13" coveredelements="13"/>
      </file>
    </package>
    <package name="App\View\Components">
      <file name="C:\Users\yasia\Documents\tabaru\YuProyek\app\View\Components\AppLayout.php">
        <class name="App\View\Components\AppLayout" namespace="App\View\Components">
          <metrics complexity="1" methods="1" coveredmethods="1" conditionals="0" coveredconditionals="0" statements="1" coveredstatements="1" elements="2" coveredelements="2"/>
        </class>
        <line num="13" type="method" name="render" visibility="public" complexity="1" crap="1" count="6"/>
        <line num="15" type="stmt" count="6"/>
        <metrics loc="18" ncloc="15" classes="1" methods="1" coveredmethods="1" conditionals="0" coveredconditionals="0" statements="1" coveredstatements="1" elements="2" coveredelements="2"/>
      </file>
      <file name="C:\Users\yasia\Documents\tabaru\YuProyek\app\View\Components\GuestLayout.php">
        <class name="App\View\Components\GuestLayout" namespace="App\View\Components">
          <metrics complexity="1" methods="1" coveredmethods="0" conditionals="0" coveredconditionals="0" statements="1" coveredstatements="0" elements="2" coveredelements="0"/>
        </class>
        <line num="13" type="method" name="render" visibility="public" complexity="1" crap="2" count="0"/>
        <line num="15" type="stmt" count="0"/>
        <metrics loc="18" ncloc="15" classes="1" methods="1" coveredmethods="0" conditionals="0" coveredconditionals="0" statements="1" coveredstatements="0" elements="2" coveredelements="0"/>
      </file>
    </package>
    <metrics files="70" loc="7164" ncloc="6118" classes="67" methods="254" coveredmethods="52" conditionals="0" coveredconditionals="0" statements="3014" coveredstatements="789" elements="3268" coveredelements="841"/>
  </project>
</coverage>
